<?xml version="1.0" encoding="UTF-8"?>
<!-- Generated by org.testng.reporters.JUnitXMLReporter -->
<testsuite hostname="DESKTOP-GCG6P9U" ignored="0" name="Test" tests="3" failures="0" timestamp="28 Feb 2021 16:37:16 GMT" time="31.7" errors="0">
  <testcase name="launch1" time="14.598" classname="com.testing.InvocationCount"/>
  <testcase name="launch1" time="6.936" classname="com.testing.InvocationCount"/>
  <testcase name="launch1" time="10.124" classname="com.testing.InvocationCount"/>
</testsuite> <!-- Test -->
