<?xml version="1.0" encoding="UTF-8"?>
<testng-results skipped="0" failed="0" ignored="0" total="3" passed="3">
  <reporter-output>
  </reporter-output>
  <suite name="Suite" duration-ms="31700" started-at="2021-02-28T16:36:44Z" finished-at="2021-02-28T16:37:16Z">
    <groups>
    </groups>
    <test name="Test" duration-ms="31700" started-at="2021-02-28T16:36:44Z" finished-at="2021-02-28T16:37:16Z">
      <class name="com.testing.InvocationCount">
        <test-method status="PASS" signature="launch1()[pri:0, instance:com.testing.InvocationCount@4b9e13df]" name="launch1" duration-ms="14598" started-at="2021-02-28T16:36:45Z" finished-at="2021-02-28T16:36:59Z">
          <reporter-output>
          </reporter-output>
        </test-method> <!-- launch1 -->
        <test-method status="PASS" signature="launch1()[pri:0, instance:com.testing.InvocationCount@4b9e13df]" name="launch1" duration-ms="6936" started-at="2021-02-28T16:36:59Z" finished-at="2021-02-28T16:37:06Z">
          <reporter-output>
          </reporter-output>
        </test-method> <!-- launch1 -->
        <test-method status="PASS" signature="launch1()[pri:0, instance:com.testing.InvocationCount@4b9e13df]" name="launch1" duration-ms="10124" started-at="2021-02-28T16:37:06Z" finished-at="2021-02-28T16:37:16Z">
          <reporter-output>
          </reporter-output>
        </test-method> <!-- launch1 -->
      </class> <!-- com.testing.InvocationCount -->
    </test> <!-- Test -->
  </suite> <!-- Suite -->
</testng-results>
